<?xml version="1.0" encoding="UTF-8"?>
<testng-results skipped="0" failed="0" total="2" passed="2">
  <reporter-output>
  </reporter-output>
  <suite name="SuiteName" duration-ms="39" started-at="2016-06-29T14:15:47Z" finished-at="2016-06-29T14:15:47Z">
    <groups>
    </groups>
    <test name="Test" duration-ms="39" started-at="2016-06-29T14:15:47Z" finished-at="2016-06-29T14:15:47Z">
      <class name="com.earn.Testcases.Reapeatchar">
        <test-method status="PASS" signature="A()[pri:0, instance:com.earn.Testcases.Reapeatchar@23ceabc1]" name="A" duration-ms="12" started-at="2016-06-29T19:45:47Z" finished-at="2016-06-29T19:45:47Z">
          <reporter-output>
          </reporter-output>
        </test-method> <!-- A -->
        <test-method status="PASS" signature="B()[pri:0, instance:com.earn.Testcases.Reapeatchar@23ceabc1]" name="B" duration-ms="2" started-at="2016-06-29T19:45:47Z" finished-at="2016-06-29T19:45:47Z">
          <reporter-output>
          </reporter-output>
        </test-method> <!-- B -->
      </class> <!-- com.earn.Testcases.Reapeatchar -->
    </test> <!-- Test -->
  </suite> <!-- SuiteName -->
</testng-results>
